#
# A fatal error has been detected by the Java Runtime Environment:
#
#  EXCEPTION_ACCESS_VIOLATION (0xc0000005) at pc=0x000000005c39b1d6, pid=4876, tid=936
#
# JRE version: Java(TM) SE Runtime Environment (7.0_79-b15) (build 1.7.0_79-b15)
# Java VM: Java HotSpot(TM) 64-Bit Server VM (24.79-b02 mixed mode windows-amd64 compressed oops)
# Problematic frame:
# V  [jvm.dll+0x39b1d6]
#
# Failed to write core dump. Minidumps are not enabled by default on client versions of Windows
#
# If you would like to submit a bug report, please visit:
#   http://bugreport.java.com/bugreport/crash.jsp
#

---------------  T H R E A D  ---------------

Current thread (0x0000000002582800):  GCTaskThread [stack: 0x00000000063c0000,0x00000000064c0000] [id=936]

siginfo: ExceptionCode=0xc0000005, reading address 0x00001744fffff9c8

Registers:
RAX=0x00001744fffff900, RBX=0x000000000000024f, RCX=0x000000000065006c, RDX=0x0000000009076fd0
RSP=0x00000000064bf5b0, RBP=0x00000000cd5adb98, RSI=0x0000000009076fd0, RDI=0x0000196a00000209
R8 =0x00000000cd5adb98, R9 =0x0000000000000000, R10=0x0000000000000000, R11=0x000000000000000c
R12=0x0000000002582fc0, R13=0x0000000002583398, R14=0x00000000000003d8, R15=0x0000000000000000
RIP=0x000000005c39b1d6, EFLAGS=0x0000000000010206

Top of Stack: (sp=0x00000000064bf5b0)
0x00000000064bf5b0:   00000000098b12b8 00000000cd5bdb88
0x00000000064bf5c0:   0000000009076fd0 0000000002582fc0
0x00000000064bf5d0:   0000196a00000209 0000000000000c00
0x00000000064bf5e0:   00000000cd724460 0000000000000200
0x00000000064bf5f0:   0000000002583b00 000000000ddd1800
0x00000000064bf600:   000000000257d201 0000000002583398
0x00000000064bf610:   0000000002582fc0 00000000000003d8
0x00000000064bf620:   0000000002582fc0 000000000257d290
0x00000000064bf630:   0000000002582fb0 0000000008fb54a0
0x00000000064bf640:   0000000009076fd0 000000005c39831e
0x00000000064bf650:   0000196900000209 0000196a00000209
0x00000000064bf660:   000000000257eb00 0000196900000209
0x00000000064bf670:   000000005c5853b8 0000000000000300
0x00000000064bf680:   0000000000000000 0000000009076fd0
0x00000000064bf690:   000000005c57b678 000000005c394900
0x00000000064bf6a0:   00000000064bf670 0000000000000001 

Instructions: (pc=0x000000005c39b1d6)
0x000000005c39b1b6:   c6 35 00 48 d3 e0 48 03 05 ed c6 35 00 eb 04 48
0x000000005c39b1c6:   8b 45 08 48 8d 48 10 4c 8b c5 48 8b d6 48 8b 01
0x000000005c39b1d6:   ff 90 c8 00 00 00 e9 1f ff ff ff 48 89 7c 24 28
0x000000005c39b1e6:   48 89 7e 08 4c 39 be f0 00 00 00 0f 84 fd 00 00 


Register to memory mapping:

RAX=0x00001744fffff900 is an unknown value
RBX=0x000000000000024f is an unknown value
RCX=0x000000000065006c is an unknown value
RDX=0x0000000009076fd0 is an unknown value
RSP=0x00000000064bf5b0 is an unknown value
RBP=0x00000000cd5adb98 is pointing into object: 0x00000000cd5adaf0
[C 
 - klass: {type array char}
 - length: 196
RSI=0x0000000009076fd0 is an unknown value
RDI=0x0000196a00000209 is an unknown value
R8 =0x00000000cd5adb98 is pointing into object: 0x00000000cd5adaf0
[C 
 - klass: {type array char}
 - length: 196
R9 =0x0000000000000000 is an unknown value
R10=0x0000000000000000 is an unknown value
R11=0x000000000000000c is an unknown value
R12=0x0000000002582fc0 is an unknown value
R13=0x0000000002583398 is an unknown value
R14=0x00000000000003d8 is an unknown value
R15=0x0000000000000000 is an unknown value


Stack: [0x00000000063c0000,0x00000000064c0000],  sp=0x00000000064bf5b0,  free space=1021k
Native frames: (J=compiled Java code, j=interpreted, Vv=VM code, C=native code)
V  [jvm.dll+0x39b1d6]


---------------  P R O C E S S  ---------------

Java Threads: ( => current thread )
  0x000000000ddd1800 JavaThread "Stdin handler" [_thread_blocked, id=7232, stack(0x00000000103f0000,0x00000000104f0000)]
  0x000000000ddd0000 JavaThread "Cancel handler" [_thread_blocked, id=4468, stack(0x000000000d170000,0x000000000d270000)]
  0x000000000ddcf800 JavaThread "Handler for socket connection from /127.0.0.1:64216 to /127.0.0.1:50096" [_thread_in_native, id=7688, stack(0x000000000ba90000,0x000000000bb90000)]
  0x000000000ddd1000 JavaThread "Daemon worker Thread 3" [_thread_blocked, id=4460, stack(0x000000000e2e0000,0x000000000e3e0000)]
  0x000000000ddce800 JavaThread "Daemon Thread 3" [_thread_blocked, id=5040, stack(0x000000000cf40000,0x000000000d040000)]
  0x000000000bdb4800 JavaThread "File lock request listener" [_thread_in_native, id=1084, stack(0x000000000cdf0000,0x000000000cef0000)]
  0x000000000b945000 JavaThread "Incoming local TCP Connector on port 64216" [_thread_in_native, id=5416, stack(0x000000000a540000,0x000000000a640000)]
  0x000000000a964800 JavaThread "Service Thread" daemon [_thread_blocked, id=1576, stack(0x000000000afb0000,0x000000000b0b0000)]
  0x000000000a963800 JavaThread "C2 CompilerThread1" daemon [_thread_blocked, id=6612, stack(0x000000000ada0000,0x000000000aea0000)]
  0x000000000913f800 JavaThread "C2 CompilerThread0" daemon [_thread_blocked, id=7384, stack(0x000000000a850000,0x000000000a950000)]
  0x000000000911d000 JavaThread "Attach Listener" daemon [_thread_blocked, id=2844, stack(0x000000000a670000,0x000000000a770000)]
  0x000000000911c000 JavaThread "Signal Dispatcher" daemon [_thread_blocked, id=7812, stack(0x000000000a440000,0x000000000a540000)]
  0x00000000090c5000 JavaThread "Finalizer" daemon [_thread_blocked, id=4864, stack(0x000000000a190000,0x000000000a290000)]
  0x00000000090be000 JavaThread "Reference Handler" daemon [_thread_blocked, id=7616, stack(0x000000000a2e0000,0x000000000a3e0000)]
  0x000000000252e800 JavaThread "main" [_thread_blocked, id=4580, stack(0x0000000002740000,0x0000000002840000)]

Other Threads:
  0x00000000090ba800 VMThread [stack: 0x000000000a080000,0x000000000a180000] [id=4308]
  0x000000000a97e000 WatcherThread [stack: 0x000000000b0b0000,0x000000000b1b0000] [id=7920]

=>0x0000000002582800 (exited) GCTaskThread [stack: 0x00000000063c0000,0x00000000064c0000] [id=936]

VM state:at safepoint (normal execution)

VM Mutex/Monitor currently owned by a thread:  ([mutex/lock_event])
[0x000000000252c950] Threads_lock - owner thread: 0x00000000090ba800
[0x000000000252ce50] Heap_lock - owner thread: 0x000000000ddd1000

Heap
 PSYoungGen      total 289280K, used 228864K [0x00000000eaa80000, 0x0000000100000000, 0x0000000100000000)
  eden space 228864K, 100% used [0x00000000eaa80000,0x00000000f8a00000,0x00000000f8a00000)
  from space 60416K, 0% used [0x00000000f8a00000,0x00000000f8a00000,0x00000000fc500000)
  to   space 57856K, 0% used [0x00000000fc780000,0x00000000fc780000,0x0000000100000000)
 ParOldGen       total 240640K, used 226359K [0x00000000c0000000, 0x00000000ceb00000, 0x00000000eaa80000)
  object space 240640K, 94% used [0x00000000c0000000,0x00000000cdd0dfb8,0x00000000ceb00000)
 PSPermGen       total 181248K, used 147032K [0x00000000b0000000, 0x00000000bb100000, 0x00000000c0000000)
  object space 181248K, 81% used [0x00000000b0000000,0x00000000b8f96348,0x00000000bb100000)

Card table byte_map: [0x0000000005840000,0x0000000005ad0000] byte_map_base: 0x00000000052c0000

Polling page: 0x0000000000330000

Code Cache  [0x0000000002840000, 0x0000000003210000, 0x0000000005840000)
 total_blobs=3255 nmethods=2592 adapters=615 free_code_cache=39247Kb largest_free_block=40054144

Compilation events (10 events):
Event: 306.632 Thread 0x000000000a963800 2832             java.util.TimSort::mergeHi (719 bytes)
Event: 306.656 Thread 0x000000000a963800 nmethod 2832 0x00000000031f7f10 code [0x00000000031f80c0, 0x00000000031f9838]
Event: 306.785 Thread 0x000000000913f800 2833   !         java.beans.PropertyDescriptor::<init> (347 bytes)
Event: 306.785 Thread 0x000000000a963800 2834             java.beans.PropertyDescriptor::isAssignable (148 bytes)
Event: 306.801 Thread 0x000000000a963800 nmethod 2834 0x00000000031ffb90 code [0x00000000031ffe60, 0x0000000003200ec8]
Event: 306.802 Thread 0x000000000a963800 2835             java.beans.PropertyDescriptor::setPropertyEditorClass (9 bytes)
Event: 306.803 Thread 0x000000000a963800 nmethod 2835 0x00000000031f0350 code [0x00000000031f04a0, 0x00000000031f05b8]
Event: 306.834 Thread 0x000000000913f800 nmethod 2833 0x0000000003206890 code [0x0000000003206d80, 0x0000000003209848]
Event: 306.947 Thread 0x000000000a963800 2836             sun.reflect.generics.reflectiveObjects.WildcardTypeImpl::toString (178 bytes)
Event: 306.969 Thread 0x000000000a963800 nmethod 2836 0x0000000003203d50 code [0x0000000003203fa0, 0x0000000003205310]

GC Heap History (10 events):
Event: 294.944 GC heap after
Heap after GC invocations=26 (full 4):
 PSYoungGen      total 300544K, used 20001K [0x00000000eaa80000, 0x00000000ffc00000, 0x0000000100000000)
  eden space 259584K, 0% used [0x00000000eaa80000,0x00000000eaa80000,0x00000000fa800000)
  from space 40960K, 48% used [0x00000000fd400000,0x00000000fe788648,0x00000000ffc00000)
  to   space 43008K, 0% used [0x00000000fa800000,0x00000000fa800000,0x00000000fd200000)
 ParOldGen       total 240640K, used 183996K [0x00000000c0000000, 0x00000000ceb00000, 0x00000000eaa80000)
  object space 240640K, 76% used [0x00000000c0000000,0x00000000cb3af150,0x00000000ceb00000)
 PSPermGen       total 159232K, used 122106K [0x00000000b0000000, 0x00000000b9b80000, 0x00000000c0000000)
  object space 159232K, 76% used [0x00000000b0000000,0x00000000b773ea40,0x00000000b9b80000)
}
Event: 298.572 GC heap before
{Heap before GC invocations=27 (full 4):
 PSYoungGen      total 300544K, used 279585K [0x00000000eaa80000, 0x00000000ffc00000, 0x0000000100000000)
  eden space 259584K, 100% used [0x00000000eaa80000,0x00000000fa800000,0x00000000fa800000)
  from space 40960K, 48% used [0x00000000fd400000,0x00000000fe788648,0x00000000ffc00000)
  to   space 43008K, 0% used [0x00000000fa800000,0x00000000fa800000,0x00000000fd200000)
 ParOldGen       total 240640K, used 183996K [0x00000000c0000000, 0x00000000ceb00000, 0x00000000eaa80000)
  object space 240640K, 76% used [0x00000000c0000000,0x00000000cb3af150,0x00000000ceb00000)
 PSPermGen       total 159232K, used 131354K [0x00000000b0000000, 0x00000000b9b80000, 0x00000000c0000000)
  object space 159232K, 82% used [0x00000000b0000000,0x00000000b8046a40,0x00000000b9b80000)
Event: 298.606 GC heap after
Heap after GC invocations=27 (full 4):
 PSYoungGen      total 301056K, used 40981K [0x00000000eaa80000, 0x0000000100000000, 0x0000000100000000)
  eden space 259584K, 0% used [0x00000000eaa80000,0x00000000eaa80000,0x00000000fa800000)
  from space 41472K, 98% used [0x00000000fa800000,0x00000000fd005640,0x00000000fd080000)
  to   space 48640K, 0% used [0x00000000fd080000,0x00000000fd080000,0x0000000100000000)
 ParOldGen       total 240640K, used 183996K [0x00000000c0000000, 0x00000000ceb00000, 0x00000000eaa80000)
  object space 240640K, 76% used [0x00000000c0000000,0x00000000cb3af150,0x00000000ceb00000)
 PSPermGen       total 159232K, used 131354K [0x00000000b0000000, 0x00000000b9b80000, 0x00000000c0000000)
  object space 159232K, 82% used [0x00000000b0000000,0x00000000b8046a40,0x00000000b9b80000)
}
Event: 302.938 GC heap before
{Heap before GC invocations=28 (full 4):
 PSYoungGen      total 301056K, used 300565K [0x00000000eaa80000, 0x0000000100000000, 0x0000000100000000)
  eden space 259584K, 100% used [0x00000000eaa80000,0x00000000fa800000,0x00000000fa800000)
  from space 41472K, 98% used [0x00000000fa800000,0x00000000fd005640,0x00000000fd080000)
  to   space 48640K, 0% used [0x00000000fd080000,0x00000000fd080000,0x0000000100000000)
 ParOldGen       total 240640K, used 183996K [0x00000000c0000000, 0x00000000ceb00000, 0x00000000eaa80000)
  object space 240640K, 76% used [0x00000000c0000000,0x00000000cb3af150,0x00000000ceb00000)
 PSPermGen       total 159232K, used 138640K [0x00000000b0000000, 0x00000000b9b80000, 0x00000000c0000000)
  object space 159232K, 87% used [0x00000000b0000000,0x00000000b87640f8,0x00000000b9b80000)
Event: 302.974 GC heap after
Heap after GC invocations=28 (full 4):
 PSYoungGen      total 277504K, used 48619K [0x00000000eaa80000, 0x0000000100000000, 0x0000000100000000)
  eden space 228864K, 0% used [0x00000000eaa80000,0x00000000eaa80000,0x00000000f8a00000)
  from space 48640K, 99% used [0x00000000fd080000,0x00000000ffffad00,0x0000000100000000)
  to   space 60416K, 0% used [0x00000000f8a00000,0x00000000f8a00000,0x00000000fc500000)
 ParOldGen       total 240640K, used 193954K [0x00000000c0000000, 0x00000000ceb00000, 0x00000000eaa80000)
  object space 240640K, 80% used [0x00000000c0000000,0x00000000cbd689b0,0x00000000ceb00000)
 PSPermGen       total 159232K, used 138640K [0x00000000b0000000, 0x00000000b9b80000, 0x00000000c0000000)
  object space 159232K, 87% used [0x00000000b0000000,0x00000000b87640f8,0x00000000b9b80000)
}
Event: 304.332 GC heap before
{Heap before GC invocations=29 (full 4):
 PSYoungGen      total 277504K, used 148118K [0x00000000eaa80000, 0x0000000100000000, 0x0000000100000000)
  eden space 228864K, 43% used [0x00000000eaa80000,0x00000000f0baae80,0x00000000f8a00000)
  from space 48640K, 99% used [0x00000000fd080000,0x00000000ffffad00,0x0000000100000000)
  to   space 60416K, 0% used [0x00000000f8a00000,0x00000000f8a00000,0x00000000fc500000)
 ParOldGen       total 240640K, used 193954K [0x00000000c0000000, 0x00000000ceb00000, 0x00000000eaa80000)
  object space 240640K, 80% used [0x00000000c0000000,0x00000000cbd689b0,0x00000000ceb00000)
 PSPermGen       total 159232K, used 138757K [0x00000000b0000000, 0x00000000b9b80000, 0x00000000c0000000)
  object space 159232K, 87% used [0x00000000b0000000,0x00000000b8781530,0x00000000b9b80000)
Event: 304.367 GC heap after
Heap after GC invocations=29 (full 4):
 PSYoungGen      total 289280K, used 17709K [0x00000000eaa80000, 0x0000000100000000, 0x0000000100000000)
  eden space 228864K, 0% used [0x00000000eaa80000,0x00000000eaa80000,0x00000000f8a00000)
  from space 60416K, 29% used [0x00000000f8a00000,0x00000000f9b4b5e0,0x00000000fc500000)
  to   space 57856K, 0% used [0x00000000fc780000,0x00000000fc780000,0x0000000100000000)
 ParOldGen       total 240640K, used 224222K [0x00000000c0000000, 0x00000000ceb00000, 0x00000000eaa80000)
  object space 240640K, 93% used [0x00000000c0000000,0x00000000cdaf7860,0x00000000ceb00000)
 PSPermGen       total 159232K, used 138757K [0x00000000b0000000, 0x00000000b9b80000, 0x00000000c0000000)
  object space 159232K, 87% used [0x00000000b0000000,0x00000000b8781530,0x00000000b9b80000)
}
Event: 304.367 GC heap before
{Heap before GC invocations=30 (full 5):
 PSYoungGen      total 289280K, used 17709K [0x00000000eaa80000, 0x0000000100000000, 0x0000000100000000)
  eden space 228864K, 0% used [0x00000000eaa80000,0x00000000eaa80000,0x00000000f8a00000)
  from space 60416K, 29% used [0x00000000f8a00000,0x00000000f9b4b5e0,0x00000000fc500000)
  to   space 57856K, 0% used [0x00000000fc780000,0x00000000fc780000,0x0000000100000000)
 ParOldGen       total 240640K, used 224222K [0x00000000c0000000, 0x00000000ceb00000, 0x00000000eaa80000)
  object space 240640K, 93% used [0x00000000c0000000,0x00000000cdaf7860,0x00000000ceb00000)
 PSPermGen       total 159232K, used 138757K [0x00000000b0000000, 0x00000000b9b80000, 0x00000000c0000000)
  object space 159232K, 87% used [0x00000000b0000000,0x00000000b8781530,0x00000000b9b80000)
Event: 305.375 GC heap after
Heap after GC invocations=30 (full 5):
 PSYoungGen      total 289280K, used 0K [0x00000000eaa80000, 0x0000000100000000, 0x0000000100000000)
  eden space 228864K, 0% used [0x00000000eaa80000,0x00000000eaa80000,0x00000000f8a00000)
  from space 60416K, 0% used [0x00000000f8a00000,0x00000000f8a00000,0x00000000fc500000)
  to   space 57856K, 0% used [0x00000000fc780000,0x00000000fc780000,0x0000000100000000)
 ParOldGen       total 240640K, used 226359K [0x00000000c0000000, 0x00000000ceb00000, 0x00000000eaa80000)
  object space 240640K, 94% used [0x00000000c0000000,0x00000000cdd0dfb8,0x00000000ceb00000)
 PSPermGen       total 181248K, used 138635K [0x00000000b0000000, 0x00000000bb100000, 0x00000000c0000000)
  object space 181248K, 76% used [0x00000000b0000000,0x00000000b8762c88,0x00000000bb100000)
}
Event: 307.146 GC heap before
{Heap before GC invocations=31 (full 6):
 PSYoungGen      total 289280K, used 228864K [0x00000000eaa80000, 0x0000000100000000, 0x0000000100000000)
  eden space 228864K, 100% used [0x00000000eaa80000,0x00000000f8a00000,0x00000000f8a00000)
  from space 60416K, 0% used [0x00000000f8a00000,0x00000000f8a00000,0x00000000fc500000)
  to   space 57856K, 0% used [0x00000000fc780000,0x00000000fc780000,0x0000000100000000)
 ParOldGen       total 240640K, used 226359K [0x00000000c0000000, 0x00000000ceb00000, 0x00000000eaa80000)
  object space 240640K, 94% used [0x00000000c0000000,0x00000000cdd0dfb8,0x00000000ceb00000)
 PSPermGen       total 181248K, used 147032K [0x00000000b0000000, 0x00000000bb100000, 0x00000000c0000000)
  object space 181248K, 81% used [0x00000000b0000000,0x00000000b8f96348,0x00000000bb100000)

Deoptimization events (10 events):
Event: 305.858 Thread 0x000000000ddd1000 Uncommon trap: reason=array_check action=maybe_recompile pc=0x00000000031eedc4 method=java.util.TimSort.mergeHi(IIII)V @ 271
Event: 306.009 Thread 0x000000000ddd1000 Uncommon trap: reason=array_check action=maybe_recompile pc=0x00000000031eedc4 method=java.util.TimSort.mergeHi(IIII)V @ 271
Event: 306.023 Thread 0x000000000ddd1000 Uncommon trap: reason=null_check action=make_not_entrant pc=0x0000000002d0ce80 method=groovy.lang.MetaClassImpl.distanceToObject(Ljava/lang/Class;)I @ 7
Event: 306.188 Thread 0x000000000ddd1000 Uncommon trap: reason=array_check action=maybe_recompile pc=0x00000000031ec9c8 method=java.util.TimSort.mergeHi(IIII)V @ 408
Event: 306.407 Thread 0x000000000ddd1000 Uncommon trap: reason=array_check action=maybe_recompile pc=0x00000000031ec9c8 method=java.util.TimSort.mergeHi(IIII)V @ 408
Event: 306.426 Thread 0x000000000ddd1000 Uncommon trap: reason=array_check action=maybe_recompile pc=0x00000000031baea8 method=java.util.TimSort.mergeHi(IIII)V @ 239
Event: 306.440 Thread 0x000000000ddd1000 Uncommon trap: reason=array_check action=maybe_recompile pc=0x00000000031fb7dc method=java.util.TimSort.mergeHi(IIII)V @ 512
Event: 306.626 Thread 0x000000000ddd1000 Uncommon trap: reason=array_check action=maybe_recompile pc=0x00000000031fb7dc method=java.util.TimSort.mergeHi(IIII)V @ 512
Event: 306.827 Thread 0x000000000ddd1000 Uncommon trap: reason=null_check action=make_not_entrant pc=0x0000000003200c34 method=java.beans.PropertyDescriptor.isAssignable(Ljava/lang/reflect/Method;Ljava/lang/reflect/Method;)Z @ 72
Event: 306.938 Thread 0x000000000ddd1000 Uncommon trap: reason=null_check action=make_not_entrant pc=0x0000000003208fdc method=java.beans.PropertyDescriptor.isAssignable(Ljava/lang/reflect/Method;Ljava/lang/reflect/Method;)Z @ 72

Internal exceptions (10 events):
Event: 307.141 Thread 0x000000000ddd1000 Threw 0x00000000f8894790 at C:\re\jdk7u79\2331\hotspot\src\share\vm\prims\jvm.cpp:1304
Event: 307.141 Thread 0x000000000ddd1000 Threw 0x00000000f8896210 at C:\re\jdk7u79\2331\hotspot\src\share\vm\prims\jvm.cpp:1304
Event: 307.141 Thread 0x000000000ddd1000 Threw 0x00000000f8897aa0 at C:\re\jdk7u79\2331\hotspot\src\share\vm\prims\jvm.cpp:1304
Event: 307.141 Thread 0x000000000ddd1000 Threw 0x00000000f889fda8 at C:\re\jdk7u79\2331\hotspot\src\share\vm\prims\jvm.cpp:1304
Event: 307.141 Thread 0x000000000ddd1000 Threw 0x00000000f88a07a0 at C:\re\jdk7u79\2331\hotspot\src\share\vm\classfile\systemDictionary.cpp:185
Event: 307.142 Thread 0x000000000ddd1000 Threw 0x00000000f8906418 at C:\re\jdk7u79\2331\hotspot\src\share\vm\prims\jvm.cpp:1304
Event: 307.142 Thread 0x000000000ddd1000 Threw 0x00000000f8907f58 at C:\re\jdk7u79\2331\hotspot\src\share\vm\prims\jvm.cpp:1304
Event: 307.142 Thread 0x000000000ddd1000 Threw 0x00000000f89098a0 at C:\re\jdk7u79\2331\hotspot\src\share\vm\prims\jvm.cpp:1304
Event: 307.142 Thread 0x000000000ddd1000 Threw 0x00000000f8912998 at C:\re\jdk7u79\2331\hotspot\src\share\vm\prims\jvm.cpp:1304
Event: 307.142 Thread 0x000000000ddd1000 Threw 0x00000000f89133a0 at C:\re\jdk7u79\2331\hotspot\src\share\vm\classfile\systemDictionary.cpp:185

Events (10 events):
Event: 307.141 loading class 0x000000000def2c50 done
Event: 307.141 loading class 0x000000000def4000
Event: 307.141 loading class 0x000000000def4000 done
Event: 307.141 loading class 0x000000000def4000
Event: 307.141 loading class 0x000000000def4000 done
Event: 307.142 loading class 0x000000000def3c10
Event: 307.142 loading class 0x000000000def3c10 done
Event: 307.142 loading class 0x000000000def3c10
Event: 307.142 loading class 0x000000000def3c10 done
Event: 307.146 Executing VM operation: ParallelGCFailedAllocation


Dynamic libraries:
0x000000013f1c0000 - 0x000000013f1f3000 	C:\Program Files\Java\jdk1.7.0_79\bin\java.exe
0x00000000778e0000 - 0x0000000077a8b000 	C:\Windows\SYSTEM32\ntdll.dll
0x0000000077580000 - 0x000000007769f000 	C:\Windows\system32\kernel32.dll
0x000007fefd800000 - 0x000007fefd86b000 	C:\Windows\system32\KERNELBASE.dll
0x000007feff7a0000 - 0x000007feff87b000 	C:\Windows\system32\ADVAPI32.dll
0x000007fefdb80000 - 0x000007fefdc1f000 	C:\Windows\system32\msvcrt.dll
0x000007feffbd0000 - 0x000007feffbef000 	C:\Windows\SYSTEM32\sechost.dll
0x000007fefeec0000 - 0x000007fefefee000 	C:\Windows\system32\RPCRT4.dll
0x00000000777e0000 - 0x00000000778da000 	C:\Windows\system32\USER32.dll
0x000007fefdf10000 - 0x000007fefdf77000 	C:\Windows\system32\GDI32.dll
0x000007fefe0a0000 - 0x000007fefe0ae000 	C:\Windows\system32\LPK.dll
0x000007feff640000 - 0x000007feff70a000 	C:\Windows\system32\USP10.dll
0x000007fefc280000 - 0x000007fefc474000 	C:\Windows\WinSxS\amd64_microsoft.windows.common-controls_6595b64144ccf1df_6.0.7600.16385_none_fa645303170382f6\COMCTL32.dll
0x000007feffb30000 - 0x000007feffba1000 	C:\Windows\system32\SHLWAPI.dll
0x000007fefe070000 - 0x000007fefe09e000 	C:\Windows\system32\IMM32.DLL
0x000007feff530000 - 0x000007feff639000 	C:\Windows\system32\MSCTF.dll
0x0000000063620000 - 0x00000000636f2000 	C:\Program Files\Java\jdk1.7.0_79\jre\bin\msvcr100.dll
0x000000005c000000 - 0x000000005c7d5000 	C:\Program Files\Java\jdk1.7.0_79\jre\bin\server\jvm.dll
0x000007fef7f60000 - 0x000007fef7f69000 	C:\Windows\system32\WSOCK32.dll
0x000007fefe020000 - 0x000007fefe06d000 	C:\Windows\system32\WS2_32.dll
0x000007feff520000 - 0x000007feff528000 	C:\Windows\system32\NSI.dll
0x000007fefd7c0000 - 0x000007fefd7fb000 	C:\Windows\system32\WINMM.dll
0x0000000077ab0000 - 0x0000000077ab7000 	C:\Windows\system32\PSAPI.DLL
0x000000006fb10000 - 0x000000006fb1f000 	C:\Program Files\Java\jdk1.7.0_79\jre\bin\verify.dll
0x000000006ddb0000 - 0x000000006ddd8000 	C:\Program Files\Java\jdk1.7.0_79\jre\bin\java.dll
0x000000006ddf0000 - 0x000000006de05000 	C:\Program Files\Java\jdk1.7.0_79\jre\bin\zip.dll
0x000000006d5d0000 - 0x000000006d5ea000 	C:\Program Files\Java\jdk1.7.0_79\jre\bin\net.dll
0x000007fefce40000 - 0x000007fefce94000 	C:\Windows\system32\mswsock.dll
0x000007fefce30000 - 0x000007fefce37000 	C:\Windows\System32\wship6.dll
0x000000006d5f0000 - 0x000000006d601000 	C:\Program Files\Java\jdk1.7.0_79\jre\bin\nio.dll
0x000007fefcea0000 - 0x000007fefceb7000 	C:\Windows\system32\CRYPTSP.dll
0x000007fefcba0000 - 0x000007fefcbe7000 	C:\Windows\system32\rsaenh.dll
0x000007fefc940000 - 0x000007fefc95e000 	C:\Windows\system32\USERENV.dll
0x000007fefd610000 - 0x000007fefd61f000 	C:\Windows\system32\profapi.dll
0x000007fefd500000 - 0x000007fefd50f000 	C:\Windows\system32\CRYPTBASE.dll
0x000007fefae10000 - 0x000007fefae37000 	C:\Windows\system32\IPHLPAPI.DLL
0x000007fefae00000 - 0x000007fefae0b000 	C:\Windows\system32\WINNSI.DLL
0x000007fefaa00000 - 0x000007fefaa11000 	C:\Windows\system32\dhcpcsvc6.DLL
0x000007fefa9e0000 - 0x000007fefa9f8000 	C:\Windows\system32\dhcpcsvc.DLL
0x000007fef6c20000 - 0x000007fef6c32000 	C:\Users\jie.luo\AppData\Local\Temp\native-platform2821806931602342380dir\native-platform.dll
0x000007fefd4a0000 - 0x000007fefd4f7000 	C:\Windows\system32\apphelp.dll
0x000007fef0040000 - 0x000007fef0165000 	C:\Windows\system32\dbghelp.dll

VM Arguments:
jvm_args: -XX:MaxPermSize=256m -XX:+HeapDumpOnOutOfMemoryError -Xmx1024m -Dfile.encoding=GBK -Duser.country=CN -Duser.language=zh -Duser.variant 
java_command: org.gradle.launcher.daemon.bootstrap.GradleDaemon 2.2.1 C:\Users\jie.luo\.gradle\daemon 10800000 cba36912-6aeb-4934-a233-48cbc572744f -XX:MaxPermSize=256m -XX:+HeapDumpOnOutOfMemoryError -Xmx1024m -Dfile.encoding=GBK -Duser.country=CN -Duser.language=zh -Duser.variant
Launcher Type: SUN_STANDARD

Environment Variables:
JAVA_HOME=C:\Program Files\Java\jdk1.7.0_79
CLASSPATH=.;"JAVA_HOME"\lib\dt.jar;C:\Program Files\Java\jdk1.7.0_79\lib\tools.jar;F:\apache-tomcat-7.0.11\lib\servlet-api.jar
PATH=C:\Program Files (x86)\Common Files\NetSarang;C:\Program Files (x86)\Intel\iCLS Client\;C:\Program Files\Intel\iCLS Client\;C:\Windows\system32;C:\Windows;C:\Windows\System32\Wbem;C:\Windows\System32\WindowsPowerShell\v1.0\;C:\Program Files\Intel\Intel(R) Management Engine Components\DAL;C:\Program Files\Intel\Intel(R) Management Engine Components\IPT;C:\Program Files (x86)\Intel\Intel(R) Management Engine Components\DAL;C:\Program Files (x86)\Intel\Intel(R) Management Engine Components\IPT;C:\Program Files (x86)\Intel\OpenCL SDK\2.0\bin\x86;C:\Program Files (x86)\Intel\OpenCL SDK\2.0\bin\x64;C:\Program Files\Java\jdk1.7.0_79\bin;D:\adt-bundle-windows-x86\sdk\platform-tools;D:\adt-bundle-windows-x86\sdk\tools;D:\Program Files\TortoiseSVN\bin;F:\apache-tomcat-7.0.11\bin;F:\apache-tomcat-7.0.11\lib;C:\Program Files\Java\jdk1.7.0_79\jre\bin;C:\Program Files (x86)\Microsoft SQL Server\100\Tools\Binn\;C:\Program Files\Microsoft SQL Server\100\Tools\Binn\;C:\Program Files\Microsoft SQL Server\100\DTS\Binn\;C:\Program Files (x86)\Microsoft SQL Server\100\Tools\Binn\VSShell\Common7\IDE\;C:\Program Files (x86)\Microsoft SQL Server\100\DTS\Binn\;D:\gradle-2.4\bin;C:\Program Files (x86)\Subversion\bin
USERNAME=jie.luo
OS=Windows_NT
PROCESSOR_IDENTIFIER=Intel64 Family 6 Model 58 Stepping 9, GenuineIntel



---------------  S Y S T E M  ---------------

OS: Windows 7 , 64 bit Build 7600 

CPU:total 4 (4 cores per cpu, 1 threads per core) family 6 model 58 stepping 9, cmov, cx8, fxsr, mmx, sse, sse2, sse3, ssse3, sse4.1, sse4.2, popcnt, aes, erms, tsc, tscinvbit, tscinv

Memory: 4k page, physical 8263732k(4388396k free), swap 16525568k(10433168k free)

vm_info: Java HotSpot(TM) 64-Bit Server VM (24.79-b02) for windows-amd64 JRE (1.7.0_79-b15), built on Apr 10 2015 12:36:16 by "java_re" with unknown MS VC++:1600

time: Mon Aug 24 15:53:47 2015
elapsed time: 307 seconds

